3960	
3960	
3960	
3960	
3959	
3959	
3959	
3959	
3959	
3959	
3959	
3959	
3958	
3958	
3958	
3958	
3958	
3958	
3958	
3958	
3957	
3957	
3957	
3957	
3957	
3957	
3957	
3957	
3957	
3957	
3957	
3957	
3957	
3956	
3956	
3956	
3956	
3956	
3956	
3956	
3956	
3956	
3956	
3956	
3956	
3956	
3956	
3956	
3956	
3956	
3956	
3955	
3955	
3955	
3955	
3955	
3955	
3955	
3955	
3955	
3955	
3955	
3955	
3955	
3955	
3955	
3955	
3955	
3955	
3955	
3955	
3955	
3955	
3955	
3955	
3955	
3954	
3954	
3954	
3954	
3954	
3954	
3954	
3954	
3954	
3954	
3954	
3954	
3954	
3954	
3954	
3954	
3954	
3954	
3954	
3954	
3954	
3954	
3954	
3954	
3954	
3954	
3954	
3954	
3954	
3954	
3954	
3954	
3954	
3954	
3954	
3954	
3954	
3954	
3954	
3954	
3954	
3954	
3954	
3954	
3954	
3954	
3954	
3954	
3954	
3954	
3954	
3954	
3953	
3953	
3953	
3953	
3953	
3953	
3953	
3953	
3953	
3953	
3953	
3953	
3953	
3953	
3953	
3953	
3953	
3953	
3953	
3953	
3953	
3953	
3953	
3953	
3953	
3953	
3953	
3953	
3953	
3953	
3953	
3953	
3953	
3953	
3953	
3953	
3953	
3953	
3953	
3953	
3953	
3953	
3953	
3953	
3953	
3953	
3953	
3953	
3953	
3953	
3953	
3953	
3953	
3953	
3953	
3953	
3953	
3953	
3953	
3953	
3953	
3953	
3952	
3952	
3952	
3952	
3952	
3952	
3952	
3952	
3952	
3952	
3952	
3952	
3952	
3952	
3952	
3952	
3952	
3952	
3952	
3952	
3952	
3952	
3952	
3952	
3952	
3952	
3952	
3952	
3952	
3952	
3952	
3952	
3952	
3952	
3952	
3952	
3952	
3952	
3952	
3952	
3952	
3952	
3952	
3952	
3952	
3952	
3952	
3952	
3952	
3952	
3952	
3952	
3952	
3952	
3952	
3952	
3952	
3952	
3952	
3952	
3952	
3952	
3952	
3952	
3952	
3952	
3952	
3952	
3952	
3952	
3952	
3951	
3951	
3951	
3951	
3951	
3951	
3951	
3951	
3951	
3951	
3951	
3951	
3951	
3951	
3951	
3951	
3951	
3951	
3951	
3951	
3951	
3951	
3951	
3951	
3951	
3951	
3951	
3951	
3951	
3951	
3951	
3951	
3951	
3951	
3951	
3951	
3951	
3951	
3951	
3951	
3951	
3951	
3951	
3951	
3951	
3951	
3951	
3951	
3951	
3951	
3951	
3951	
3951	
3951	
3951	
3951	
3951	
3951	
3951	
3951	
3951	
3951	
3951	
3951	
3951	
3951	
3950	
3950	
3950	
3950	
3950	
3950	
3950	
3950	
3950	
3950	
3950	
3950	
3950	
3950	
3950	
3950	
3950	
3950	
3950	
3950	
3950	
3950	
3950	
3950	
3950	
3950	
3950	
3950	
3950	
3950	
3950	
3950	
3950	
3950	
3950	
3950	
3950	
3950	
3950	
3950	
3950	
3950	
3950	
3950	
3950	
3950	
3950	
3950	
3949	
3949	
3949	
3949	
3949	
3949	
3949	
3949	
3949	
3949	
3949	
3949	
3949	
3949	
3949	
3949	
3949	
3949	
3949	
3949	
3949	
3949	
3949	
3949	
3949	
3949	
3949	
3949	
3949	
3949	
3949	
3949	
3949	
3949	
3948	
3948	
3948	
3948	
3948	
3948	
3948	
3948	
3948	
3948	
3948	
3948	
3948	
3948	
3948	
3948	
3948	
3948	
3947	
3947	
3947	
3947	
3947	
3947	
3947	
3947	
3946	
3946	
3946	
3946	
3945	
3945	
3944	
