Argument Dimension = 4
Argument space has 16 elements.
Image Dimension = 4
Image space has 16 elements.

Writing Algebraic Normal Form to file: S1.anf
[Columns = Image components]

Writing Characteristic Function to file: S1.char
[Columns = Image components]

Writing Walsh Spectrum to file: S1.wal

Writing Linear Profile to file: S1.lp
[To normalize divide by 256]

Writing Differential Profile to file: S1.dp
[To normalize divide by 4096]

Writing the polynomials in ANF to file: S1.pol

Writing Linear structures to file: S1.ls

Writing Autocorrelation Spectrum to file: S1.ac

Writing Cycle Structure to file: S1.cy

Nonlinearity: 4
Second order Nonlinearity: 0
Linearity distance: 6
Algebraic degree: 2
Algebraic immunity: 2
Absolute indicator: 16
Sum-of-squares indicator: 14848
Linear potential: 0.25
Differential potential: 0.25
Maximum Nonlinearity (if n is even): 5.171572875
Maximum Linearity distance: 10
The fixed points are: 
[[0 0 1 0]
]
The negated fixed points are: 
[[0 0 0 0]
]
Correlation immunity: 0
It is a balanced function
The function is PC of degree 0
