Argument Dimension = 4
Argument space has 16 elements.
Image Dimension = 4
Image space has 16 elements.

Writing Algebraic Normal Form to file: P.anf
[Columns = Image components]

Writing Characteristic Function to file: P.char
[Columns = Image components]

Writing Walsh Spectrum to file: P.wal

Writing Linear Profile to file: P.lp
[To normalize divide by 256]

Writing Differential Profile to file: P.dp
[To normalize divide by 4096]

Writing the polynomials in ANF to file: P.pol

Writing Linear structures to file: P.ls

Writing Autocorrelation Spectrum to file: P.ac

Writing Cycle Structure to file: P.cy

Nonlinearity: 4
Second order Nonlinearity: 2
Linearity distance: 6
Algebraic degree: 3
Algebraic immunity: 2
Absolute indicator: 8
Sum-of-squares indicator: 13696
Linear potential: 0.25
Differential potential: 0.25
Maximum Nonlinearity (if n is even): 5.171572875
Maximum Linearity distance: 10
The fixed points are: 
[]
The negated fixed points are: 
[]
Correlation immunity: 0
It is a balanced function
The function is PC of degree 0
