Argument Dimension = 8
Argument space has 256 elements.
Image Dimension = 4
Image space has 16 elements.

Writing Algebraic Normal Form to file: u0.anf
[Columns = Image components]

Writing Characteristic Function to file: u0.char
[Columns = Image components]

Writing Walsh Spectrum to file: u0.wal

Writing Linear Profile to file: u0.lp
[To normalize divide by 65536]

Writing Differential Profile to file: u0.dp
[To normalize divide by 1048576]

Writing the polynomials in ANF to file: u0.pol

Writing Linear structures to file: u0.ls

Writing Autocorrelation Spectrum to file: u0.ac

Writing Cycle Structure to file: u0.cy

Nonlinearity: 96
Second order Nonlinearity: -1
Linearity distance: 0
Algebraic degree: 3
Algebraic immunity: 3
Absolute indicator: 256
Sum-of-squares indicator: 655360
Linear potential: 0.0625
Differential potential: 0.25
Maximum Nonlinearity (if n is even): 120
Maximum Linearity distance: 120
The fixed points are: 
[]
The negated fixed points are: 
[]
Correlation immunity: 1
It is a balanced function
The function is PC of degree 0
