Argument Dimension = 8
Argument space has 256 elements.
Image Dimension = 4
Image space has 16 elements.

Writing Algebraic Normal Form to file: y0.anf
[Columns = Image components]

Writing Characteristic Function to file: y0.char
[Columns = Image components]

Writing Walsh Spectrum to file: y0.wal

Writing Linear Profile to file: y0.lp
[To normalize divide by 65536]

Writing Differential Profile to file: y0.dp
[To normalize divide by 1048576]

Writing the polynomials in ANF to file: y0.pol

Writing Linear structures to file: y0.ls

Writing Autocorrelation Spectrum to file: y0.ac

Writing Cycle Structure to file: y0.cy

Nonlinearity: 100
Second order Nonlinearity: -1
Linearity distance: 40
Algebraic degree: 6
Algebraic immunity: 4
Absolute indicator: 96
Sum-of-squares indicator: 269056
Linear potential: 0.0478515625
Differential potential: 0.47265625
Maximum Nonlinearity (if n is even): 120
Maximum Linearity distance: 120
The fixed points are: 
[]
The negated fixed points are: 
[]
Correlation immunity: 1
It is a balanced function
The function is PC of degree 0
