Argument Dimension = 8
Argument space has 256 elements.
Image Dimension = 8
Image space has 256 elements.

Writing Algebraic Normal Form to file: S2.anf
[Columns = Image components]

Writing Characteristic Function to file: S2.char
[Columns = Image components]

Writing Walsh Spectrum to file: S2.wal

Writing Linear Profile to file: S2.lp
[To normalize divide by 65536]

Writing Differential Profile to file: S2.dp
[To normalize divide by 16777216]

Writing the polynomials in ANF to file: S2.pol

Writing Linear structures to file: S2.ls

Writing Autocorrelation Spectrum to file: S2.ac

Writing Cycle Structure to file: S2.cy

Nonlinearity: 112
Second order Nonlinearity: 256
Linearity distance: 126
Algebraic degree: 7
Algebraic immunity: 4
Absolute indicator: 32
Sum-of-squares indicator: 50722816
Linear potential: 0.015625
Differential potential: 0.015625
Maximum Nonlinearity (if n is even): 116.6862915
Maximum Linearity distance: 136
The fixed points are: 
[]
The negated fixed points are: 
[[0 1 0 1 1 1 0 0]
[1 0 1 1 0 0 1 1]
[1 1 1 1 1 1 1 0]
]
Correlation immunity: 0
It is a balanced function
The function is PC of degree 0
