1959	
1959	
1959	
1959	
1958	
1958	
1958	
1958	
1957	
1957	
1957	
1957	
1957	
1957	
1957	
1957	
1957	
1957	
1957	
1957	
1957	
1957	
1957	
1957	
1957	
1957	
1957	
1957	
1956	
1956	
1956	
1956	
1956	
1956	
1956	
1956	
1956	
1956	
1956	
1956	
1956	
1956	
1956	
1956	
1956	
1956	
1956	
1956	
1956	
1956	
1956	
1955	
1955	
1955	
1955	
1955	
1955	
1955	
1955	
1955	
1955	
1955	
1955	
1955	
1955	
1955	
1955	
1955	
1955	
1955	
1955	
1955	
1955	
1955	
1955	
1955	
1955	
1955	
1955	
1955	
1955	
1955	
1955	
1955	
1955	
1955	
1955	
1955	
1955	
1955	
1955	
1955	
1955	
1955	
1955	
1955	
1955	
1955	
1955	
1955	
1955	
1954	
1954	
1954	
1954	
1954	
1954	
1954	
1954	
1954	
1954	
1954	
1954	
1954	
1954	
1954	
1954	
1954	
1954	
1954	
1954	
1954	
1954	
1954	
1954	
1954	
1954	
1954	
1954	
1954	
1954	
1954	
1954	
1954	
1954	
1954	
1954	
1954	
1954	
1954	
1954	
1954	
1954	
1954	
1954	
1954	
1954	
1954	
1954	
1954	
1954	
1954	
1954	
1954	
1954	
1954	
1954	
1954	
1954	
1954	
1954	
1954	
1954	
1954	
1954	
1954	
1954	
1954	
1954	
1954	
1954	
1954	
1954	
1953	
1953	
1953	
1953	
1953	
1953	
1953	
1953	
1953	
1953	
1953	
1953	
1953	
1953	
1953	
1953	
1953	
1953	
1953	
1953	
1953	
1953	
1953	
1953	
1953	
1953	
1953	
1953	
1953	
1953	
1953	
1953	
1953	
1953	
1953	
1953	
1953	
1953	
1953	
1953	
1953	
1953	
1953	
1953	
1953	
1953	
1953	
1953	
1953	
1953	
1953	
1953	
1953	
1953	
1953	
1953	
1953	
1953	
1953	
1953	
1953	
1953	
1953	
1953	
1953	
1953	
1953	
1953	
1953	
1953	
1953	
1953	
1953	
1953	
1953	
1953	
1953	
1953	
1953	
1953	
1953	
1953	
1953	
1953	
1953	
1953	
1953	
1953	
1953	
1953	
1953	
1953	
1953	
1953	
1953	
1953	
1953	
1953	
1953	
1953	
1953	
1953	
1953	
1953	
1952	
1952	
1952	
1952	
1952	
1952	
1952	
1952	
1952	
1952	
1952	
1952	
1952	
1952	
1952	
1952	
1952	
1952	
1952	
1952	
1952	
1952	
1952	
1952	
1952	
1952	
1952	
1952	
1952	
1952	
1952	
1952	
1952	
1952	
1952	
1952	
1952	
1952	
1952	
1952	
1952	
1952	
1952	
1952	
1952	
1952	
1952	
1952	
1952	
1952	
1952	
1952	
1952	
1952	
1952	
1952	
1952	
1952	
1952	
1952	
1952	
1952	
1952	
1952	
1952	
1952	
1952	
1952	
1952	
1952	
1952	
1952	
1952	
1952	
1952	
1952	
1952	
1952	
1952	
1952	
1952	
1952	
1952	
1952	
1952	
1952	
1952	
1952	
1952	
1952	
1952	
1952	
1952	
1952	
1952	
1952	
1952	
1952	
1952	
1952	
1952	
1952	
1952	
1952	
1952	
1951	
1951	
1951	
1951	
1951	
1951	
1951	
1951	
1951	
1951	
1951	
1951	
1951	
1951	
1951	
1951	
1951	
1951	
1951	
1951	
1951	
1951	
1951	
1951	
1951	
1951	
1951	
1951	
1951	
1951	
1951	
1951	
1951	
1951	
1951	
1951	
1951	
1951	
1951	
1951	
1951	
1951	
1951	
1951	
1951	
1951	
1951	
1951	
1951	
1951	
1951	
1951	
1951	
1951	
1951	
1951	
1951	
1951	
1951	
1951	
1951	
1951	
1950	
1950	
1950	
1950	
1950	
1950	
1950	
1950	
1950	
1950	
1950	
1950	
1950	
1950	
1950	
1950	
1950	
1950	
1950	
1950	
1950	
1950	
1950	
1950	
1950	
1950	
1950	
1950	
1950	
1950	
1950	
1950	
1950	
1950	
1950	
1950	
1950	
1950	
1949	
1949	
1949	
1949	
1949	
1949	
1949	
1949	
1949	
1949	
1949	
1949	
1949	
1949	
1949	
1949	
1948	
1948	
1948	
1947	
1947	
1947	
1946	
