7991	
7990	
7987	
7985	
7985	
7984	
7984	
7984	
7984	
7983	
7983	
7983	
7983	
7983	
7983	
7983	
7982	
7982	
7982	
7982	
7982	
7982	
7981	
7981	
7981	
7981	
7981	
7981	
7981	
7981	
7981	
7981	
7981	
7980	
7980	
7980	
7980	
7980	
7980	
7980	
7980	
7980	
7980	
7980	
7980	
7980	
7980	
7980	
7979	
7979	
7979	
7979	
7979	
7979	
7979	
7979	
7979	
7979	
7979	
7979	
7979	
7979	
7979	
7979	
7979	
7979	
7979	
7979	
7979	
7978	
7978	
7978	
7978	
7978	
7978	
7978	
7978	
7978	
7978	
7978	
7978	
7978	
7978	
7978	
7978	
7978	
7978	
7978	
7978	
7978	
7978	
7978	
7978	
7978	
7978	
7978	
7977	
7977	
7977	
7977	
7977	
7977	
7977	
7977	
7977	
7977	
7977	
7977	
7977	
7977	
7977	
7977	
7977	
7977	
7977	
7977	
7977	
7977	
7977	
7977	
7977	
7977	
7977	
7977	
7977	
7977	
7977	
7977	
7977	
7977	
7977	
7977	
7976	
7976	
7976	
7976	
7976	
7976	
7976	
7976	
7976	
7976	
7976	
7976	
7976	
7976	
7976	
7976	
7976	
7976	
7976	
7976	
7976	
7976	
7976	
7976	
7976	
7976	
7976	
7976	
7976	
7976	
7976	
7976	
7976	
7976	
7976	
7976	
7976	
7976	
7976	
7976	
7976	
7976	
7976	
7976	
7976	
7975	
7975	
7975	
7975	
7975	
7975	
7975	
7975	
7975	
7975	
7975	
7975	
7975	
7975	
7975	
7975	
7975	
7975	
7975	
7975	
7975	
7975	
7975	
7975	
7975	
7975	
7975	
7975	
7975	
7975	
7975	
7975	
7975	
7975	
7975	
7975	
7974	
7974	
7974	
7974	
7974	
7974	
7974	
7974	
7974	
7974	
7974	
7974	
7974	
7974	
7974	
7974	
7974	
7974	
7974	
7974	
7974	
7974	
7974	
7974	
7974	
7974	
7974	
7973	
7973	
7973	
7973	
7973	
7973	
7973	
7973	
7973	
7973	
7973	
7973	
7973	
7973	
7973	
7973	
7973	
7973	
7973	
7973	
7973	
7973	
7973	
7973	
7973	
7973	
7973	
7973	
7973	
7973	
7973	
7973	
7973	
7973	
7973	
7973	
7972	
7972	
7972	
7972	
7972	
7972	
7972	
7972	
7972	
7972	
7972	
7972	
7972	
7972	
7972	
7972	
7972	
7972	
7972	
7972	
7972	
7972	
7972	
7972	
7972	
7972	
7972	
7972	
7972	
7972	
7972	
7972	
7971	
7971	
7971	
7971	
7971	
7971	
7971	
7971	
7971	
7971	
7971	
7971	
7971	
7970	
7970	
7970	
7970	
7970	
7970	
7970	
7970	
7970	
7970	
7969	
7969	
7969	
7969	
7969	
7969	
7969	
7969	
7969	
7969	
7969	
7968	
7968	
7966	
