Argument Dimension = 13
Argument space has 8192 elements.
Image Dimension = 8
Image space has 256 elements.

Writing Algebraic Normal Form to file: loki1.anf
[Columns = Image components]

Writing Characteristic Function to file: loki1.char
[Columns = Image components]

Writing Walsh Spectrum to file: loki1.wal

Writing Linear Profile to file: loki1.lp
[To normalize divide by 67108864]

Writing Differential Profile to file: loki1.dp
[To normalize divide by 17179869184]

Writing the polynomials in ANF to file: loki1.pol

Writing Linear structures to file: loki1.ls

Writing Autocorrelation Spectrum to file: loki1.ac

Writing Cycle Structure to file: loki1.cy

Nonlinearity: 4032
Second order Nonlinearity: -1
Linearity distance: 4064
Algebraic degree: 2
Algebraic immunity: 2
Absolute indicator: 8192
Sum-of-squares indicator: 583981334528
Linear potential: 0.000244140625
Differential potential: 0.0078125
Maximum Nonlinearity (if n is even): 4050
Maximum Linearity distance: 4352
The fixed points are: 
[]
The negated fixed points are: 
[]
Correlation immunity: 0
It is a balanced function
The function is PC of degree 0
