Argument Dimension = 8
Argument space has 256 elements.
Image Dimension = 8
Image space has 256 elements.

Writing Algebraic Normal Form to file: S1.anf
[Columns = Image components]

Writing Characteristic Function to file: S1.char
[Columns = Image components]

Writing Walsh Spectrum to file: S1.wal

Writing Linear Profile to file: S1.lp
[To normalize divide by 65536]

Writing Differential Profile to file: S1.dp
[To normalize divide by 16777216]

Writing the polynomials in ANF to file: S1.pol

Writing Linear structures to file: S1.ls

Writing Autocorrelation Spectrum to file: S1.ac

Writing Cycle Structure to file: S1.cy

Nonlinearity: 96
Second order Nonlinearity: 256
Linearity distance: 124
Algebraic degree: 5
Algebraic immunity: 3
Absolute indicator: 144
Sum-of-squares indicator: 70844416
Linear potential: 0.0625
Differential potential: 0.03125
Maximum Nonlinearity (if n is even): 116.6862915
Maximum Linearity distance: 136
The fixed points are: 
[[0 0 0 0 1 1 1 1]
]
The negated fixed points are: 
[[0 0 0 1 0 0 0 0]
]
Correlation immunity: 0
It is a balanced function
The function is PC of degree 0
