Writing TruthTable to file: Canteautf2.tt
Argument Dimension = 8
Argument space has 256 elements.
Image Dimension = 1
Image space has 2 elements.

Writing Algebraic Normal Form to file: Canteautf2.anf
[Columns = Image components]

Writing Characteristic Function to file: Canteautf2.char
[Columns = Image components]

Writing Walsh Spectrum to file: Canteautf2.wal

Writing Linear Profile to file: Canteautf2.lp
[To normalize divide by 65536]

Writing Differential Profile to file: Canteautf2.dp
[To normalize divide by 131072]

Writing the polynomials in ANF to file: Canteautf2.pol

Writing Linear structures to file: Canteautf2.ls

Writing Autocorrelation Spectrum to file: Canteautf2.ac

Writing Cycle Structure to file: Canteautf2.cy

Nonlinearity: 112
Second order Nonlinearity: -1
Linearity distance: 0
Algebraic degree: 4
Algebraic immunity: 3
Absolute indicator: 256
Sum-of-squares indicator: 17039360
Linear potential: 0.015625
Differential potential: 1
Maximum Nonlinearity (if n is even): 120
Maximum Linearity distance: 256
It is an almost optimal function
The fixed points are: 
[]
The negated fixed points are: 
[]
Correlation immunity: 0
It is a balanced function
The function is PC of degree 0
