Writing TruthTable to file: Stanica8.tt
Argument Dimension = 8
Argument space has 256 elements.
Image Dimension = 1
Image space has 2 elements.

Writing Algebraic Normal Form to file: Stanica8.anf
[Columns = Image components]

Writing Characteristic Function to file: Stanica8.char
[Columns = Image components]

Writing Walsh Spectrum to file: Stanica8.wal

Writing Linear Profile to file: Stanica8.lp
[To normalize divide by 65536]

Writing Differential Profile to file: Stanica8.dp
[To normalize divide by 131072]

Writing the polynomials in ANF to file: Stanica8.pol

Writing Linear structures to file: Stanica8.ls

Writing Autocorrelation Spectrum to file: Stanica8.ac

Writing Cycle Structure to file: Stanica8.cy

Nonlinearity: 112
Second order Nonlinearity: -1
Linearity distance: 0
Algebraic degree: 2
Algebraic immunity: 2
Absolute indicator: 256
Sum-of-squares indicator: 17039360
Linear potential: 0.015625
Differential potential: 1
Maximum Nonlinearity (if n is even): 120
Maximum Linearity distance: 256
It is an almost optimal function
The fixed points are: 
[]
The negated fixed points are: 
[]
Correlation immunity: 0
It is a balanced function
The function is PC of degree 1
