Writing TruthTable to file: Stanica9.tt
Argument Dimension = 9
Argument space has 512 elements.
Image Dimension = 1
Image space has 2 elements.

Writing Algebraic Normal Form to file: Stanica9.anf
[Columns = Image components]

Writing Characteristic Function to file: Stanica9.char
[Columns = Image components]

Writing Walsh Spectrum to file: Stanica9.wal

Writing Linear Profile to file: Stanica9.lp
[To normalize divide by 262144]

Writing Differential Profile to file: Stanica9.dp
[To normalize divide by 524288]

Writing the polynomials in ANF to file: Stanica9.pol

Writing Linear structures to file: Stanica9.ls

Writing Autocorrelation Spectrum to file: Stanica9.ac

Writing Cycle Structure to file: Stanica9.cy

Nonlinearity: 240
Second order Nonlinearity: -1
Linearity distance: 0
Algebraic degree: 2
Algebraic immunity: 2
Absolute indicator: 512
Sum-of-squares indicator: 134742016
Linear potential: 0.00390625
Differential potential: 1
Maximum Nonlinearity (if n is even): 244
Maximum Linearity distance: 512
It is an almost optimal function
The fixed points are: 
[]
The negated fixed points are: 
[]
Correlation immunity: 0
It is a balanced function
The function is PC of degree 1
