Argument Dimension = 8
Argument space has 256 elements.
Image Dimension = 8
Image space has 256 elements.

Writing Algebraic Normal Form to file: PQ_R_QP_R.anf
[Columns = Image components]

Writing Characteristic Function to file: PQ_R_QP_R.char
[Columns = Image components]

Writing Walsh Spectrum to file: PQ_R_QP_R.wal

Writing Linear Profile to file: PQ_R_QP_R.lp
[To normalize divide by 65536]

Writing Differential Profile to file: PQ_R_QP_R.dp
[To normalize divide by 16777216]

Writing the polynomials in ANF to file: PQ_R_QP_R.pol

Writing Linear structures to file: PQ_R_QP_R.ls

Writing Autocorrelation Spectrum to file: PQ_R_QP_R.ac

Writing Cycle Structure to file: PQ_R_QP_R.cy

Nonlinearity: 80
Second order Nonlinearity: -1
Linearity distance: 24
Algebraic degree: 6
Algebraic immunity: 3
Absolute indicator: 160
Sum-of-squares indicator: 740608
Linear potential: 0.140625
Differential potential: 0.66015625
Maximum Nonlinearity (if n is even): 116
Maximum Linearity distance: 127.5
The fixed points are: 
[[0 1 1 0 0 0 0 0]
[1 0 1 1 1 0 0 1]
]
The negated fixed points are: 
[]
Correlation immunity: 0
It is a balanced function
The function is PC of degree 0
