Argument Dimension = 8
Argument space has 256 elements.
Image Dimension = 8
Image space has 256 elements.

Writing Algebraic Normal Form to file: S.anf
[Columns = Image components]

Writing Characteristic Function to file: S.char
[Columns = Image components]

Writing Walsh Spectrum to file: S.wal

Writing Linear Profile to file: S.lp
[To normalize divide by 65536]

Writing Differential Profile to file: S.dp
[To normalize divide by 16777216]

Writing the polynomials in ANF to file: S.pol

Writing Linear structures to file: S.ls

Writing Autocorrelation Spectrum to file: S.ac

Writing Cycle Structure to file: S.cy

Nonlinearity: 96
Second order Nonlinearity: -1
Linearity distance: 38
Algebraic degree: 7
Algebraic immunity: 4
Absolute indicator: 104
Sum-of-squares indicator: 270208
Linear potential: 0.0625
Differential potential: 0.4943847656
Maximum Nonlinearity (if n is even): 116
Maximum Linearity distance: 127.5
The fixed points are: 
[]
The negated fixed points are: 
[]
Correlation immunity: 0
It is a balanced function
The function is PC of degree 0
