Argument Dimension = 8
Argument space has 256 elements.
Image Dimension = 8
Image space has 256 elements.

Writing Algebraic Normal Form to file: expf.anf
[Columns = Image components]

Writing Characteristic Function to file: expf.char
[Columns = Image components]

Writing Walsh Spectrum to file: expf.wal

Writing Linear Profile to file: expf.lp
[To normalize divide by 65536]

Writing Differential Profile to file: expf.dp
[To normalize divide by 16777216]

Writing the polynomials in ANF to file: expf.pol

Writing Linear structures to file: expf.ls

Writing Autocorrelation Spectrum to file: expf.ac

Writing Cycle Structure to file: expf.cy

Nonlinearity: 82
Second order Nonlinearity: -1
Linearity distance: 64
Algebraic degree: 6
Algebraic immunity: 3
Absolute indicator: 256
Sum-of-squares indicator: 82051072
Linear potential: 0.1291503906
Differential potential: 0.5
Maximum Nonlinearity (if n is even): 116.6862915
Maximum Linearity distance: 136
The fixed points are: 
[[0 0 0 1 1 0 1 1]
[0 1 0 1 0 1 1 1]
[0 1 0 1 1 1 0 0]
]
The negated fixed points are: 
[[0 0 0 1 0 1 0 0]
[0 0 1 0 1 1 0 0]
[0 1 0 1 1 1 1 1]
[1 0 1 0 1 1 1 1]
]
Correlation immunity: 0
It is a balanced function
The function is PC of degree 0
