Argument Dimension = 6
Argument space has 64 elements.
Image Dimension = 2
Image space has 4 elements.

Writing Algebraic Normal Form to file: S6.anf
[Columns = Image components]

Writing Characteristic Function to file: S6.char
[Columns = Image components]

Writing Walsh Spectrum to file: S6.wal

Writing Linear Profile to file: S6.lp
[To normalize divide by 4096]

Writing Differential Profile to file: S6.dp
[To normalize divide by 16384]

Writing the polynomials in ANF to file: S6.pol

Writing Linear structures to file: S6.ls

Writing Autocorrelation Spectrum to file: S6.ac

Writing Cycle Structure to file: S6.cy

Nonlinearity: 20
Second order Nonlinearity: 64
Linearity distance: 18
Algebraic degree: 5
Algebraic immunity: 3
Absolute indicator: 48
Sum-of-squares indicator: 307840
Linear potential: 0.140625
Differential potential: 0.4375
Maximum Nonlinearity (if n is even): 28
Maximum Linearity distance: 48
The fixed points are: 
[[0 0 0 0 1 1]
]
The negated fixed points are: 
[]
Correlation immunity: 0
It is a balanced function
The function is PC of degree 0
