Argument Dimension = 6
Argument space has 64 elements.
Image Dimension = 6
Image space has 64 elements.

Writing Algebraic Normal Form to file: S6.anf
[Columns = Image components]

Writing Characteristic Function to file: S6.char
[Columns = Image components]

Writing Walsh Spectrum to file: S6.wal

Writing Linear Profile to file: S6.lp
[To normalize divide by 4096]

Writing Differential Profile to file: S6.dp
[To normalize divide by 262144]

Writing the polynomials in ANF to file: S6.pol

Writing Linear structures to file: S6.ls

Writing Autocorrelation Spectrum to file: S6.ac

Writing Cycle Structure to file: S6.cy

Nonlinearity: 24
Second order Nonlinearity: 14
Linearity distance: 30
Algebraic degree: 5
Algebraic immunity: 3
Absolute indicator: 16
Sum-of-squares indicator: 810496
Linear potential: 0.0625
Differential potential: 0.0625
Maximum Nonlinearity (if n is even): 26.34314575
Maximum Linearity distance: 36
The fixed points are: 
[]
The negated fixed points are: 
[]
Correlation immunity: 0
It is a balanced function
The function is PC of degree 0
