Argument Dimension = 8
Argument space has 256 elements.
Image Dimension = 8
Image space has 256 elements.

Writing Algebraic Normal Form to file: finv.anf
[Columns = Image components]

Writing Characteristic Function to file: finv.char
[Columns = Image components]

Writing Walsh Spectrum to file: finv.wal

Writing Linear Profile to file: finv.lp
[To normalize divide by 65536]

Writing Differential Profile to file: finv.dp
[To normalize divide by 16777216]

Writing the polynomials in ANF to file: finv.pol

Writing Linear structures to file: finv.ls

Writing Autocorrelation Spectrum to file: finv.ac

Writing Cycle Structure to file: finv.cy

Nonlinearity: 0
Second order Nonlinearity: -1
Linearity distance: 0
Algebraic degree: 1
Algebraic immunity: 1
Absolute indicator: 256
Sum-of-squares indicator: 4278190080
Linear potential: 1
Differential potential: 1
Maximum Nonlinearity (if n is even): 116.6862915
Maximum Linearity distance: 136
It is a linear function
The fixed points are: 
[]
The negated fixed points are: 
[]
Correlation immunity: 0
It is a balanced function
The function is PC of degree 0
