Argument Dimension = 8
Argument space has 256 elements.
Image Dimension = 8
Image space has 256 elements.

Writing Algebraic Normal Form to file: xtime.anf
[Columns = Image components]

Writing Characteristic Function to file: xtime.char
[Columns = Image components]

Writing Walsh Spectrum to file: xtime.wal

Writing Linear Profile to file: xtime.lp
[To normalize divide by 65536]

Writing Differential Profile to file: xtime.dp
[To normalize divide by 16777216]

Writing the polynomials in ANF to file: xtime.pol

Writing Linear structures to file: xtime.ls

Writing Autocorrelation Spectrum to file: xtime.ac

Writing Cycle Structure to file: xtime.cy

Nonlinearity: 0
Second order Nonlinearity: -1
Linearity distance: 1
Algebraic degree: 1
Algebraic immunity: 1
Absolute indicator: 256
Sum-of-squares indicator: 4228642816
Linear potential: 1
Differential potential: 0.9921875
Maximum Nonlinearity (if n is even): 116.6862915
Maximum Linearity distance: 136
It is a linear function
The fixed points are: 
[[0 0 0 0 0 0 0 0]
]
The negated fixed points are: 
[[0 1 0 1 0 1 0 1]
]
Correlation immunity: 0
It is a non-balanced function
The function is PC of degree 0
