Argument Dimension = 6
Argument space has 64 elements.
Image Dimension = 2
Image space has 4 elements.

Writing Algebraic Normal Form to file: S4.anf
[Columns = Image components]

Writing Characteristic Function to file: S4.char
[Columns = Image components]

Writing Walsh Spectrum to file: S4.wal

Writing Linear Profile to file: S4.lp
[To normalize divide by 4096]

Writing Differential Profile to file: S4.dp
[To normalize divide by 16384]

Writing the polynomials in ANF to file: S4.pol

Writing Linear structures to file: S4.ls

Writing Autocorrelation Spectrum to file: S4.ac

Writing Cycle Structure to file: S4.cy

Nonlinearity: 16
Second order Nonlinearity: 64
Linearity distance: 16
Algebraic degree: 4
Algebraic immunity: 2
Absolute indicator: 64
Sum-of-squares indicator: 318208
Linear potential: 0.25
Differential potential: 0.5
Maximum Nonlinearity (if n is even): 28
Maximum Linearity distance: 48
The fixed points are: 
[]
The negated fixed points are: 
[]
Correlation immunity: 0
It is a balanced function
The function is PC of degree 0
