Argument Dimension = 4
Argument space has 16 elements.
Image Dimension = 4
Image space has 16 elements.

1. Algebraic Normal Form:
[Columns = Image components]

[[1 1 1 0]
[1 0 1 0]
[0 0 1 1]
[0 1 1 0]
[1 1 0 0]
[0 1 1 1]
[1 0 1 0]
[1 0 0 0]
[1 1 0 1]
[0 0 1 1]
[0 1 1 0]
[0 1 0 1]
[1 0 1 0]
[0 0 1 0]
[1 0 1 0]
[0 0 0 0]
]


2. Truth Table:
[Columns = Image components]

[[1 1 1 0]
[0 1 0 0]
[1 1 0 1]
[0 0 0 1]
[0 0 1 0]
[1 1 1 1]
[1 0 1 1]
[1 0 0 0]
[0 0 1 1]
[1 0 1 0]
[0 1 1 0]
[1 1 0 0]
[0 1 0 1]
[1 0 0 1]
[0 0 0 0]
[0 1 1 1]
]

4. Walsh Spectrum:

[[16 0 0 0 0 0 0 0 0 0 0 0 0 0 0 0]
[0 0 -4 -4 0 0 -4 12 4 4 0 0 4 4 0 0]
[0 0 -4 -4 0 0 -4 -4 0 0 4 4 0 0 -12 4]
[0 0 0 0 0 0 0 0 4 -12 -4 -4 4 4 -4 -4]
[0 4 0 -4 -4 -8 -4 0 0 -4 0 4 4 -8 4 0]
[0 -4 -4 0 -4 0 8 4 -4 0 -8 4 0 -4 -4 0]
[0 4 -4 8 4 0 0 4 0 -4 4 8 -4 0 0 -4]
[0 -4 0 4 4 -8 4 0 -4 0 4 0 8 4 0 4]
[0 0 0 0 0 0 0 0 -4 4 4 -4 4 -4 -4 -12]
[0 0 -4 -4 0 0 -4 -4 -8 0 -4 4 0 8 4 -4]
[0 8 -4 4 -8 0 4 -4 4 4 0 0 4 4 0 0]
[0 8 0 -8 8 0 8 0 0 0 0 0 0 0 0 0]
[0 -4 8 -4 -4 0 4 0 4 0 4 8 0 4 0 -4]
[0 4 4 0 -4 8 0 4 -8 -4 4 0 4 0 0 4]
[0 4 4 0 -4 -8 0 4 -4 0 0 -4 -8 4 -4 0]
[0 -4 -8 -4 -4 0 4 0 0 -4 8 -4 -4 0 4 0]
]

5. Linear Profile:

[To normalize divide by 256]
[[256 0 0 0 0 0 0 0 0 0 0 0 0 0 0 0]
[0 0 16 16 0 0 16 144 16 16 0 0 16 16 0 0]
[0 0 16 16 0 0 16 16 0 0 16 16 0 0 144 16]
[0 0 0 0 0 0 0 0 16 144 16 16 16 16 16 16]
[0 16 0 16 16 64 16 0 0 16 0 16 16 64 16 0]
[0 16 16 0 16 0 64 16 16 0 64 16 0 16 16 0]
[0 16 16 64 16 0 0 16 0 16 16 64 16 0 0 16]
[0 16 0 16 16 64 16 0 16 0 16 0 64 16 0 16]
[0 0 0 0 0 0 0 0 16 16 16 16 16 16 16 144]
[0 0 16 16 0 0 16 16 64 0 16 16 0 64 16 16]
[0 64 16 16 64 0 16 16 16 16 0 0 16 16 0 0]
[0 64 0 64 64 0 64 0 0 0 0 0 0 0 0 0]
[0 16 64 16 16 0 16 0 16 0 16 64 0 16 0 16]
[0 16 16 0 16 64 0 16 64 16 16 0 16 0 0 16]
[0 16 16 0 16 64 0 16 16 0 0 16 64 16 16 0]
[0 16 64 16 16 0 16 0 0 16 64 16 16 0 16 0]
]
6. Differential Profile:

[To normalize divide by 4096]
[[4096 0 0 0 0 0 0 0 0 0 0 0 0 0 0 0]
[0 0 0 512 0 0 0 512 0 512 1024 0 1024 512 0 0]
[0 0 0 512 0 1536 512 512 0 512 0 0 0 0 512 0]
[0 0 512 0 512 0 0 0 0 1024 512 0 512 0 0 1024]
[0 0 0 512 0 0 1536 0 0 512 0 1024 512 0 0 0]
[0 1024 0 0 0 512 512 0 0 0 1024 0 512 0 0 512]
[0 0 0 1024 0 1024 0 0 0 0 0 0 512 512 512 512]
[0 0 512 512 512 0 512 0 0 512 512 0 0 0 0 1024]
[0 0 0 0 0 0 512 512 0 0 0 1024 0 1024 512 512]
[0 512 0 0 512 0 0 1024 512 0 512 512 512 0 0 0]
[0 512 512 0 0 0 0 0 1536 0 0 512 0 0 1024 0]
[0 0 2048 0 0 512 0 512 0 0 0 0 0 512 0 512]
[0 512 0 0 512 512 512 0 0 0 0 512 0 1536 0 0]
[0 1024 0 0 0 0 0 1024 512 0 512 0 512 0 512 0]
[0 0 512 1024 512 0 0 0 1536 0 0 0 0 0 512 0]
[0 512 0 0 1536 0 0 0 0 1024 0 512 0 0 512 0]
]
7. Linearity/nonlinearity measures:
Linear potential: 0.5625
Differential potential: 0.5
Nonlinearity: 2
Maximum Nonlinearity: 6
Linearity distance: 4
Maximum Linearity distance: 10

8. Correlation immunity:
It is a (4,4,0)-resilient function

9. Algebraic degree:
The degree of the function is 3

10. AI= 2

11. Propagation criterion:
The function is PC of degree 0
12. Polynom: 
1+x4+x2+x2x3+x2x3x4+x1+x1x2+x1x2x3
1+x3x4+x2+x2x4+x1+x1x3+x1x3x4
1+x4+x3+x3x4+x2x4+x2x3+x1x4+x1x3+x1x2+x1x2x4+x1x2x3
x3+x2x4+x1+x1x4+x1x3x4
13. Linear structures: 
[]
14. Autocorrelation: 
[[16 16 16 16 16 16 16 16 16 16 16 16 16 16 16 16]
[16 0 0 0 0 0 -8 -8 -8 -8 -8 8 0 0 8 8]
[16 -8 0 -8 -8 0 0 8 8 -8 0 0 -8 8 -8 8]
[16 0 0 0 0 0 0 -16 -8 8 0 0 0 0 -8 8]
[16 0 -8 0 0 -16 0 8 0 8 -8 -8 -8 0 8 8]
[16 0 0 -8 0 0 0 -8 0 -8 8 -8 0 -8 8 8]
[16 -8 0 0 -8 0 -8 8 0 -8 0 0 8 0 -8 8]
[16 0 -8 0 0 0 0 -8 0 8 0 0 0 -8 -8 8]
[16 -8 -8 0 -8 0 0 8 -8 8 0 0 0 0 8 -8]
[16 0 0 8 0 0 0 -8 0 -8 0 0 -8 0 8 -8]
[16 8 0 0 8 0 8 8 -8 -8 0 -8 0 0 -8 -16]
[16 0 -8 -8 0 16 -8 -8 8 8 -8 -8 8 8 -8 -8]
[16 -8 8 -8 -8 0 -8 8 0 8 0 0 0 -8 8 -8]
[16 0 0 0 0 0 8 -8 0 -16 0 0 0 0 8 -8]
[16 8 0 8 8 0 0 8 0 -8 -8 0 0 -8 -16 -8]
[16 0 8 0 0 -16 0 -8 0 8 8 8 -8 0 -8 -8]
]
