16079	
16077	
16076	
16076	
16074	
16074	
16072	
16072	
16072	
16071	
16070	
16070	
16070	
16070	
16070	
16070	
16069	
16069	
16069	
16069	
16069	
16069	
16069	
16068	
16068	
16068	
16068	
16068	
16068	
16068	
16067	
16067	
16067	
16067	
16067	
16067	
16067	
16067	
16067	
16067	
16067	
16066	
16066	
16066	
16066	
16066	
16066	
16066	
16066	
16066	
16066	
16066	
16066	
16066	
16066	
16066	
16066	
16066	
16065	
16065	
16065	
16065	
16065	
16065	
16065	
16065	
16065	
16065	
16065	
16065	
16065	
16065	
16065	
16065	
16065	
16065	
16065	
16064	
16064	
16064	
16064	
16064	
16064	
16064	
16064	
16064	
16064	
16064	
16064	
16064	
16064	
16064	
16064	
16064	
16064	
16064	
16064	
16064	
16064	
16064	
16064	
16064	
16063	
16063	
16063	
16063	
16063	
16063	
16063	
16063	
16063	
16063	
16063	
16063	
16063	
16063	
16063	
16063	
16063	
16063	
16063	
16063	
16063	
16063	
16063	
16063	
16063	
16063	
16063	
16063	
16063	
16063	
16063	
16063	
16063	
16063	
16063	
16063	
16063	
16062	
16062	
16062	
16062	
16062	
16062	
16062	
16062	
16062	
16062	
16062	
16062	
16062	
16062	
16062	
16062	
16062	
16062	
16062	
16062	
16062	
16062	
16062	
16062	
16062	
16062	
16062	
16062	
16062	
16062	
16062	
16062	
16061	
16061	
16061	
16061	
16061	
16061	
16061	
16061	
16061	
16061	
16061	
16061	
16061	
16061	
16061	
16061	
16061	
16061	
16061	
16061	
16061	
16061	
16061	
16061	
16061	
16061	
16061	
16061	
16061	
16061	
16061	
16061	
16060	
16060	
16060	
16060	
16060	
16060	
16060	
16060	
16060	
16060	
16060	
16060	
16060	
16060	
16060	
16060	
16060	
16060	
16060	
16060	
16060	
16060	
16060	
16060	
16060	
16060	
16060	
16060	
16060	
16060	
16060	
16060	
16060	
16060	
16060	
16060	
16060	
16060	
16059	
16059	
16059	
16059	
16059	
16059	
16059	
16059	
16059	
16059	
16059	
16059	
16059	
16059	
16059	
16059	
16059	
16059	
16059	
16059	
16059	
16059	
16059	
16059	
16059	
16059	
16059	
16059	
16059	
16059	
16059	
16059	
16059	
16059	
16058	
16058	
16058	
16058	
16058	
16058	
16058	
16058	
16058	
16058	
16058	
16058	
16058	
16058	
16058	
16058	
16058	
16058	
16057	
16057	
16057	
16057	
16057	
16057	
16057	
16057	
16057	
16057	
16057	
16056	
16056	
16056	
16056	
16056	
16056	
16056	
16056	
16056	
16056	
16056	
16056	
16056	
16056	
16056	
16056	
16056	
16056	
16056	
16056	
16056	
16056	
16056	
16055	
16055	
16055	
16055	
16055	
16055	
16055	
16055	
16055	
16055	
16055	
16055	
16055	
16054	
16054	
16054	
16054	
16054	
16054	
16054	
16054	
16054	
16054	
16053	
16053	
16053	
16052	
16052	
16052	
16052	
16052	
16052	
16052	
16051	
16051	
16051	
16051	
16051	
16049	
16049	
