Argument Dimension = 6
Argument space has 64 elements.
Image Dimension = 2
Image space has 4 elements.

Writing Algebraic Normal Form to file: S8.anf
[Columns = Image components]

Writing Characteristic Function to file: S8.char
[Columns = Image components]

Writing Walsh Spectrum to file: S8.wal

Writing Linear Profile to file: S8.lp
[To normalize divide by 4096]

Writing Differential Profile to file: S8.dp
[To normalize divide by 16384]

Writing the polynomials in ANF to file: S8.pol

Writing Linear structures to file: S8.ls

Writing Autocorrelation Spectrum to file: S8.ac

Writing Cycle Structure to file: S8.cy

Nonlinearity: 20
Second order Nonlinearity: 64
Linearity distance: 16
Algebraic degree: 5
Algebraic immunity: 3
Absolute indicator: 40
Sum-of-squares indicator: 302464
Linear potential: 0.140625
Differential potential: 0.5
Maximum Nonlinearity (if n is even): 28
Maximum Linearity distance: 48
The fixed points are: 
[[0 0 0 0 0 1]
]
The negated fixed points are: 
[]
Correlation immunity: 0
It is a balanced function
The function is PC of degree 0
